info it worked if it ends with ok
verbose cli [ 'node', '/usr/bin/npm', 'install', 'jasmine', 'coffee-script' ]
info using npm@1.1.4
info using node@v0.6.12
verbose config file /home/sscoble/.npmrc
verbose config file /usr/etc/npmrc
verbose config file /usr/share/npm/npmrc
verbose cache add [ 'jasmine', null ]
silly cache add: name, spec, args [ undefined, 'jasmine', [ 'jasmine', null ] ]
verbose parsed url { pathname: 'jasmine', path: 'jasmine', href: 'jasmine' }
verbose cache add [ 'coffee-script', null ]
silly cache add: name, spec, args [ undefined, 'coffee-script', [ 'coffee-script', null ] ]
verbose parsed url { pathname: 'coffee-script',
verbose parsed url   path: 'coffee-script',
verbose parsed url   href: 'coffee-script' }
verbose addNamed [ 'jasmine', '' ]
verbose addNamed [ null, '' ]
silly name, range, hasData [ 'jasmine', '', false ]
verbose addNamed [ 'coffee-script', '' ]
verbose addNamed [ null, '' ]
silly name, range, hasData [ 'coffee-script', '', false ]
verbose raw, before any munging jasmine
verbose url resolving [ 'https://registry.npmjs.org/', './jasmine' ]
verbose url resolved https://registry.npmjs.org/jasmine
http GET https://registry.npmjs.org/jasmine
verbose raw, before any munging coffee-script
verbose url resolving [ 'https://registry.npmjs.org/', './coffee-script' ]
verbose url resolved https://registry.npmjs.org/coffee-script
verbose etag "5C4CHB5527NP0VI7AC5P7S04T"
http GET https://registry.npmjs.org/coffee-script
http 404 https://registry.npmjs.org/jasmine
silly get cb [ 404,
silly get cb   { server: 'CouchDB/1.2.0 (Erlang OTP/R15B)',
silly get cb     date: 'Sun, 01 Jul 2012 05:59:23 GMT',
silly get cb     'content-type': 'application/json',
silly get cb     'content-length': '52',
silly get cb     'cache-control': 'must-revalidate' } ]
ERR! 404 'jasmine' is not in the npm registry.
ERR! 404 You should bug the author to publish it
ERR! 404 Note that you can also install from a
ERR! 404 tarball, folder, or http url, or git url.
ERR! 
ERR! System Linux 3.0.19-xenU
ERR! command "node" "/usr/bin/npm" "install" "jasmine" "coffee-script"
ERR! cwd /home/sscoble/Projects/helloworld
ERR! node -v v0.6.12
ERR! npm -v 1.1.4
ERR! code E404
ERR! message 404 Not Found: jasmine
ERR! errno {}
verbose exit [ 1, true ]
